<?xml version="1.0" encoding="UTF-8"?>
<testsuite name="Formulario de Registro" tests="1" skipped="0" failures="0" errors="0" timestamp="2022-01-05T22:36:03" hostname="22LAP5CG0525FBR" time="20.802">
  <properties/>
  <testcase name="como usuario nuevo quiero registrarme en el portal de compras" classname="Formulario de Registro" time="20.802"/>
  <system-out><![CDATA[Llego hasta abrir chrome
17:36:04.181 [Test worker] INFO net.serenitybdd.core.webdriver.driverproviders.ProvideNewDriver - Instantiating driver
17:36:04.181 [Test worker] INFO net.serenitybdd.core.webdriver.driverproviders.ProvideNewDriver - Driver capabilities: Capabilities {acceptInsecureCerts: false, acceptSslCerts: true, browserName: chrome, goog:chromeOptions: {args: [], extensions: []}, incognito: true, loggingPrefs: org.openqa.selenium.logging..., platform: ANY, version: }
17:36:12.792 [Test worker] DEBUG net.serenitybdd.core.photography.Darkroom - Opening darkroom
17:36:12.792 [Darkroom Processing Line] DEBUG net.serenitybdd.core.photography.DarkroomProcessingLine - Darkroom processing line starting up
17:36:13.107 [Test worker] DEBUG net.serenitybdd.core.photography.Darkroom - Send negative for processing for C:\Users\nriosa\IdeaProjects\primerProyecto\target\site\serenity\3da571ca4f09cecdbdb26bbcc957fb2b04231a57991e7521d1992bf5bb5255ff.png
Llego hasta validar correo
natalia1797@indra.com
17:36:14.335 [Test worker] DEBUG net.serenitybdd.core.photography.Darkroom - Send negative for processing for C:\Users\nriosa\IdeaProjects\primerProyecto\target\site\serenity\a07cd9ed72264cc314805964222810982b020082f562aabc585539ecb6260c29.png
17:36:14.336 [Darkroom Processing Line] DEBUG net.serenitybdd.core.photography.DarkroomProcessingLine - Processing screenshot image in /var/screenshots/screenshot-4417779726649430871
17:36:14.337 [Darkroom Processing Line] DEBUG net.serenitybdd.core.photography.DarkroomProcessingLine - Saving screenshot to C:\Users\nriosa\IdeaProjects\primerProyecto\target\site\serenity\a07cd9ed72264cc314805964222810982b020082f562aabc585539ecb6260c29.png
Llego hasta llenar formulario
17:36:22.392 [Test worker] DEBUG net.serenitybdd.core.photography.Darkroom - Send negative for processing for C:\Users\nriosa\IdeaProjects\primerProyecto\target\site\serenity\24998d8d446e1c202f46762dcba945a9cb2dbe3babf4c0a7316169db0536ff1c.png
17:36:22.787 [Test worker] DEBUG net.serenitybdd.core.photography.Darkroom - Send negative for processing for C:\Users\nriosa\IdeaProjects\primerProyecto\target\site\serenity\24998d8d446e1c202f46762dcba945a9cb2dbe3babf4c0a7316169db0536ff1c.png
17:36:24.146 [Test worker] INFO net.thucydides.core.steps.ConsoleLoggingListener - ?[92m
        __    _____ _____ ____ _____   ____   _    ____  ____  _____ ____  
  _     \ \  |_   _| ____/ ___|_   _| |  _ \ / \  / ___|/ ___|| ____|  _ \ 
 (_)_____| |   | | |  _| \___ \ | |   | |_) / _ \ \___ \\___ \|  _| | | | |
  _|_____| |   | | | |___ ___) || |   |  __/ ___ \ ___) |___) | |___| |_| |
 (_)     | |   |_| |_____|____/ |_|   |_| /_/   \_\____/|____/|_____|____/ 
        /_/                                                                

TEST PASSED: como usuario nuevo quiero registrarme en el portal de compras
----------------------------------------------------------------------------?[0m
]]></system-out>
  <system-err><![CDATA[ene 05, 2022 5:36:03 PM org.openqa.selenium.remote.DesiredCapabilities chrome
INFORMACIÓN: Using `new ChromeOptions()` is preferred to `DesiredCapabilities.chrome()`
Starting ChromeDriver 96.0.4664.45 (76e4c1bb2ab4671b8beba3444e61c0f17584b2fc-refs/branch-heads/4664@{#947}) on port 15200
Only local connections are allowed.
Please see https://chromedriver.chromium.org/security-considerations for suggestions on keeping ChromeDriver safe.
ChromeDriver was started successfully.
ene 05, 2022 5:36:08 PM org.openqa.selenium.remote.ProtocolHandshake createSession
INFORMACIÓN: Detected dialect: W3C
]]></system-err>
</testsuite>
